2021-03-19 20:58:58 ERROR UserDaoImpl:166 - org.h2.jdbc.JdbcSQLIntegrityConstraintViolationException: Unique index or primary key violation: "PUBLIC.CONSTRAINT_INDEX_A ON PUBLIC.ERS_USERS(ERS_USERNAME, USER_EMAIL) VALUES 1"; SQL statement:
INSERT INTO ers_users (ers_username, ers_password, user_first_name, user_last_name, user_email, user_role_id)
VALUES (?, ?, ?, ?, ?, ?); [23505-200]
2021-03-19 21:21:43 ERROR UserDaoImpl:167 - org.h2.jdbc.JdbcSQLIntegrityConstraintViolationException: Unique index or primary key violation: "PUBLIC.CONSTRAINT_INDEX_A ON PUBLIC.ERS_USERS(ERS_USERNAME, USER_EMAIL) VALUES 1"; SQL statement:
INSERT INTO ers_users (ers_username, ers_password, user_first_name, user_last_name, user_email, user_role_id)
VALUES (?, ?, ?, ?, ?, ?); [23505-200]
2021-03-19 21:22:27 ERROR UserDaoImpl:167 - org.h2.jdbc.JdbcSQLIntegrityConstraintViolationException: Unique index or primary key violation: "PUBLIC.CONSTRAINT_INDEX_A ON PUBLIC.ERS_USERS(ERS_USERNAME, USER_EMAIL) VALUES 1"; SQL statement:
INSERT INTO ers_users (ers_username, ers_password, user_first_name, user_last_name, user_email, user_role_id)
VALUES (?, ?, ?, ?, ?, ?); [23505-200]
2021-03-19 21:41:46 ERROR UserDaoImpl:167 - org.h2.jdbc.JdbcSQLIntegrityConstraintViolationException: Unique index or primary key violation: "PUBLIC.CONSTRAINT_INDEX_A ON PUBLIC.ERS_USERS(ERS_USERNAME, USER_EMAIL) VALUES 1"; SQL statement:
INSERT INTO ers_users (ers_username, ers_password, user_first_name, user_last_name, user_email, user_role_id)
VALUES (?, ?, ?, ?, ?, ?); [23505-200]
2021-03-20 10:33:24 ERROR UserDaoImpl:94 - org.postgresql.util.PSQLException: conversion to class java.sql.Date from timestamp not supported
2021-03-23 15:24:40 ERROR UserDaoImpl:198 - org.postgresql.util.PSQLException: ERROR: insert or update on table "ers_reimbursement" violates foreign key constraint "ers_reimbursement_type_fk"
  Detail: Key (reimb_type_id)=(-1) is not present in table "ers_reimbursement_type".
2021-03-23 15:26:05 ERROR UserDaoImpl:198 - org.postgresql.util.PSQLException: ERROR: insert or update on table "ers_reimbursement" violates foreign key constraint "ers_reimbursement_type_fk"
  Detail: Key (reimb_type_id)=(-1) is not present in table "ers_reimbursement_type".
2021-03-24 13:58:53 ERROR UserDaoImpl:165 - org.h2.jdbc.JdbcSQLIntegrityConstraintViolationException: Unique index or primary key violation: "PUBLIC.CONSTRAINT_INDEX_A ON PUBLIC.ERS_USERS(ERS_USERNAME, USER_EMAIL) VALUES 1"; SQL statement:
INSERT INTO ers_users (ers_username, ers_password, user_first_name, user_last_name, user_email, user_role_id)
VALUES (?, ?, ?, ?, ?, ?); [23505-200]
2021-03-25 09:14:55 ERROR UserDaoImpl:186 - org.h2.jdbc.JdbcSQLIntegrityConstraintViolationException: Unique index or primary key violation: "PUBLIC.CONSTRAINT_INDEX_A ON PUBLIC.ERS_USERS(ERS_USERNAME, USER_EMAIL) VALUES 1"; SQL statement:
INSERT INTO ers_users (ers_username, ers_password, user_first_name, user_last_name, user_email, user_role_id)
VALUES (?, ?, ?, ?, ?, ?); [23505-200]
2021-03-25 16:26:09 ERROR UserDaoImpl:356 - org.postgresql.util.PSQLException: ERROR: insert or update on table "ers_reimbursement" violates foreign key constraint "ers_users_fk_reslvr"
  Detail: Key (reimb_resolver)=(10) is not present in table "ers_users".
2021-03-26 15:38:58 ERROR UserDaoImpl:100 - org.postgresql.util.PSQLException: The connection attempt failed.
2021-03-26 15:38:58 ERROR UserDaoImpl:100 - org.postgresql.util.PSQLException: The connection attempt failed.
2021-03-26 15:39:07 ERROR UserDaoImpl:100 - org.postgresql.util.PSQLException: The connection attempt failed.
2021-03-26 15:41:07 ERROR UserDaoImpl:109 - org.postgresql.util.PSQLException: The connection attempt failed.
2021-04-01 08:09:57 ERROR UserDaoImpl:186 - org.h2.jdbc.JdbcSQLIntegrityConstraintViolationException: Unique index or primary key violation: "PUBLIC.CONSTRAINT_INDEX_A ON PUBLIC.ERS_USERS(ERS_USERNAME, USER_EMAIL) VALUES 1"; SQL statement:
INSERT INTO ers_users (ers_username, ers_password, user_first_name, user_last_name, user_email, user_role_id)
VALUES (?, ?, ?, ?, ?, ?); [23505-200]
2021-04-01 21:37:01 ERROR UserDaoImpl:186 - org.h2.jdbc.JdbcSQLIntegrityConstraintViolationException: Unique index or primary key violation: "PUBLIC.CONSTRAINT_INDEX_A ON PUBLIC.ERS_USERS(ERS_USERNAME, USER_EMAIL) VALUES 1"; SQL statement:
INSERT INTO ers_users (ers_username, ers_password, user_first_name, user_last_name, user_email, user_role_id)
VALUES (?, ?, ?, ?, ?, ?); [23505-200]
2021-04-01 22:56:02 ERROR UserDaoImpl:186 - org.h2.jdbc.JdbcSQLIntegrityConstraintViolationException: Unique index or primary key violation: "PUBLIC.CONSTRAINT_INDEX_A ON PUBLIC.ERS_USERS(ERS_USERNAME, USER_EMAIL) VALUES 1"; SQL statement:
INSERT INTO ers_users (ers_username, ers_password, user_first_name, user_last_name, user_email, user_role_id)
VALUES (?, ?, ?, ?, ?, ?); [23505-200]
